2023-01-31 23:47:23 | INFO  | WebShopApplication:13 - Hello from WebShopApplication! Welcome back!
2023-01-31 23:47:33 | INFO  | WebShopApplication:46 - User with user id  31 is logged in.
2023-01-31 23:47:33 | INFO  | WebShopApplication:38 - Loading user cart...
2023-01-31 23:47:33 | INFO  | WebShopApplication:42 - Accessing from user to all transactions.
2023-01-31 23:47:33 | INFO  | WebShopApplication:38 - Loading user cart...
2023-01-31 23:47:33 | INFO  | WebShopApplication:32 - Accessing to all services.
2023-01-31 23:47:33 | INFO  | WebShopApplication:32 - Accessing to all services.
2023-01-31 23:47:36 | INFO  | WebShopApplication:48 - New service with service id 20 added tp cart
2023-01-31 23:47:37 | INFO  | WebShopApplication:38 - Loading user cart...
2023-01-31 23:47:37 | INFO  | WebShopApplication:32 - Accessing to all services.
2023-01-31 23:47:37 | INFO  | WebShopApplication:32 - Accessing to all services.
2023-01-31 23:47:37 | INFO  | WebShopApplication:42 - Accessing from user to all transactions.
2023-01-31 23:47:37 | INFO  | WebShopApplication:38 - Loading user cart...
2023-01-31 23:53:47 | INFO  | WebShopApplication:53 - New transaction created with transaction id 35
2023-01-31 23:53:47 | INFO  | WebShopApplication:42 - Accessing from user to all transactions.
2023-01-31 23:53:47 | INFO  | WebShopApplication:42 - Accessing from user to all transactions.
2023-02-01 00:03:15 | INFO  | WebShopApplication:38 - Loading user cart...
2023-02-01 00:03:15 | INFO  | WebShopApplication:32 - Accessing to all services.
2023-02-01 00:03:15 | INFO  | WebShopApplication:32 - Accessing to all services.
2023-02-01 00:03:15 | INFO  | WebShopApplication:38 - Loading user cart...
2023-02-01 00:03:15 | INFO  | WebShopApplication:42 - Accessing from user to all transactions.
2023-02-01 00:03:15 | INFO  | WebShopApplication:42 - Accessing from user to all transactions.
2023-02-01 00:11:42 | INFO  | WebShopApplication:48 - New service with service id 24 added tp cart
2023-02-01 00:11:43 | INFO  | WebShopApplication:38 - Loading user cart...
2023-02-01 00:11:43 | INFO  | WebShopApplication:32 - Accessing to all services.
2023-02-01 00:11:43 | INFO  | WebShopApplication:32 - Accessing to all services.
2023-02-01 00:11:43 | INFO  | WebShopApplication:38 - Loading user cart...
2023-02-01 00:11:43 | INFO  | WebShopApplication:42 - Accessing from user to all transactions.
2023-02-01 00:11:43 | INFO  | WebShopApplication:42 - Accessing from user to all transactions.
2023-02-01 00:11:45 | INFO  | WebShopApplication:53 - New transaction created with transaction id 36
2023-02-01 00:11:45 | INFO  | WebShopApplication:42 - Accessing from user to all transactions.
2023-02-01 00:11:45 | INFO  | WebShopApplication:42 - Accessing from user to all transactions.
2023-02-01 00:11:45 | INFO  | WebShopApplication:42 - Accessing from user to all transactions.
2023-02-01 00:13:06 | INFO  | WebShopApplication:38 - Loading user cart...
2023-02-01 00:13:06 | INFO  | WebShopApplication:32 - Accessing to all services.
2023-02-01 00:13:06 | INFO  | WebShopApplication:32 - Accessing to all services.
2023-02-01 00:13:06 | INFO  | WebShopApplication:38 - Loading user cart...
2023-02-01 00:13:06 | INFO  | WebShopApplication:42 - Accessing from user to all transactions.
2023-02-01 00:13:06 | INFO  | WebShopApplication:42 - Accessing from user to all transactions.
2023-02-01 00:13:06 | INFO  | WebShopApplication:42 - Accessing from user to all transactions.
2023-02-01 00:55:42 | INFO  | WebShopApplication:13 - Hello from WebShopApplication! Welcome back!
2023-02-01 00:58:51 | INFO  | WebShopApplication:48 - New service with service id 20 added tp cart
2023-02-01 00:58:53 | INFO  | WebShopApplication:38 - Loading user cart...
2023-02-01 00:58:53 | INFO  | WebShopApplication:38 - Loading user cart...
2023-02-01 00:58:53 | INFO  | WebShopApplication:32 - Accessing to all services.
2023-02-01 00:58:53 | INFO  | WebShopApplication:32 - Accessing to all services.
2023-02-01 00:58:53 | INFO  | WebShopApplication:42 - Accessing from user to all transactions.
2023-02-01 00:58:53 | INFO  | WebShopApplication:42 - Accessing from user to all transactions.
2023-02-01 00:58:53 | INFO  | WebShopApplication:42 - Accessing from user to all transactions.
2023-02-01 00:58:55 | INFO  | WebShopApplication:53 - New transaction created with transaction id 37
2023-02-01 00:58:55 | INFO  | WebShopApplication:42 - Accessing from user to all transactions.
2023-02-01 00:58:55 | INFO  | WebShopApplication:42 - Accessing from user to all transactions.
2023-02-01 00:58:55 | INFO  | WebShopApplication:42 - Accessing from user to all transactions.
2023-02-01 00:58:55 | INFO  | WebShopApplication:42 - Accessing from user to all transactions.
2023-02-01 01:02:06 | INFO  | WebShopApplication:48 - New service with service id 20 added tp cart
2023-02-01 01:02:09 | INFO  | WebShopApplication:38 - Loading user cart...
2023-02-01 01:02:09 | INFO  | WebShopApplication:32 - Accessing to all services.
2023-02-01 01:02:09 | INFO  | WebShopApplication:32 - Accessing to all services.
2023-02-01 01:02:09 | INFO  | WebShopApplication:38 - Loading user cart...
2023-02-01 01:02:09 | INFO  | WebShopApplication:42 - Accessing from user to all transactions.
2023-02-01 01:02:09 | INFO  | WebShopApplication:42 - Accessing from user to all transactions.
2023-02-01 01:02:09 | INFO  | WebShopApplication:42 - Accessing from user to all transactions.
2023-02-01 01:02:09 | INFO  | WebShopApplication:42 - Accessing from user to all transactions.
2023-02-01 01:02:21 | INFO  | WebShopApplication:53 - New transaction created with transaction id 38
2023-02-01 01:02:21 | INFO  | WebShopApplication:42 - Accessing from user to all transactions.
2023-02-01 01:02:21 | INFO  | WebShopApplication:42 - Accessing from user to all transactions.
2023-02-01 01:02:21 | INFO  | WebShopApplication:42 - Accessing from user to all transactions.
2023-02-01 01:02:21 | INFO  | WebShopApplication:42 - Accessing from user to all transactions.
2023-02-01 01:02:21 | INFO  | WebShopApplication:42 - Accessing from user to all transactions.
2023-02-01 01:05:33 | INFO  | WebShopApplication:48 - New service with service id 24 added tp cart
2023-02-01 01:05:35 | INFO  | WebShopApplication:32 - Accessing to all services.
2023-02-01 01:05:35 | INFO  | WebShopApplication:32 - Accessing to all services.
2023-02-01 01:05:35 | INFO  | WebShopApplication:38 - Loading user cart...
2023-02-01 01:05:35 | INFO  | WebShopApplication:38 - Loading user cart...
2023-02-01 01:05:35 | INFO  | WebShopApplication:42 - Accessing from user to all transactions.
2023-02-01 01:05:35 | INFO  | WebShopApplication:42 - Accessing from user to all transactions.
2023-02-01 01:05:35 | INFO  | WebShopApplication:42 - Accessing from user to all transactions.
2023-02-01 01:05:35 | INFO  | WebShopApplication:42 - Accessing from user to all transactions.
2023-02-01 01:05:35 | INFO  | WebShopApplication:42 - Accessing from user to all transactions.
2023-02-01 01:05:36 | INFO  | WebShopApplication:53 - New transaction created with transaction id 39
2023-02-01 01:05:36 | INFO  | WebShopApplication:42 - Accessing from user to all transactions.
2023-02-01 01:05:36 | INFO  | WebShopApplication:42 - Accessing from user to all transactions.
2023-02-01 01:05:36 | INFO  | WebShopApplication:42 - Accessing from user to all transactions.
2023-02-01 01:05:36 | INFO  | WebShopApplication:42 - Accessing from user to all transactions.
2023-02-01 01:05:36 | INFO  | WebShopApplication:42 - Accessing from user to all transactions.
2023-02-01 01:05:36 | INFO  | WebShopApplication:42 - Accessing from user to all transactions.
2023-02-01 01:10:20 | INFO  | WebShopApplication:13 - Hello from WebShopApplication! Welcome back!
2023-02-01 01:10:21 | INFO  | WebShopApplication:48 - New service with service id 20 added tp cart
2023-02-01 01:10:24 | INFO  | WebShopApplication:38 - Loading user cart...
2023-02-01 01:10:24 | INFO  | WebShopApplication:32 - Accessing to all services.
2023-02-01 01:10:24 | INFO  | WebShopApplication:32 - Accessing to all services.
2023-02-01 01:10:24 | INFO  | WebShopApplication:38 - Loading user cart...
2023-02-01 01:12:23 | INFO  | WebShopApplication:13 - Hello from WebShopApplication! Welcome back!
2023-02-01 01:12:42 | INFO  | WebShopApplication:57 - Service with service id 20 removed from user cart. Cart id 33
2023-02-01 01:12:43 | INFO  | WebShopApplication:48 - New service with service id 20 added tp cart
2023-02-01 01:12:45 | INFO  | WebShopApplication:32 - Accessing to all services.
2023-02-01 01:12:45 | INFO  | WebShopApplication:32 - Accessing to all services.
2023-02-01 01:12:45 | INFO  | WebShopApplication:38 - Loading user cart...
2023-02-01 01:12:45 | INFO  | WebShopApplication:38 - Loading user cart...
2023-02-01 01:14:11 | INFO  | WebShopApplication:13 - Hello from WebShopApplication! Welcome back!
2023-02-01 01:14:31 | INFO  | WebShopApplication:53 - New transaction created with transaction id 43
2023-02-01 01:22:59 | INFO  | WebShopApplication:48 - New service with service id 20 added tp cart
2023-02-01 01:23:02 | INFO  | WebShopApplication:38 - Loading user cart...
2023-02-01 01:23:02 | INFO  | WebShopApplication:32 - Accessing to all services.
2023-02-01 01:23:02 | INFO  | WebShopApplication:32 - Accessing to all services.
2023-02-01 01:23:02 | INFO  | WebShopApplication:38 - Loading user cart...
2023-02-01 01:23:03 | INFO  | WebShopApplication:53 - New transaction created with transaction id 44
2023-02-01 01:36:30 | INFO  | WebShopApplication:48 - New service with service id 20 added tp cart
2023-02-01 01:36:32 | INFO  | WebShopApplication:38 - Loading user cart...
2023-02-01 01:36:32 | INFO  | WebShopApplication:32 - Accessing to all services.
2023-02-01 01:36:32 | INFO  | WebShopApplication:32 - Accessing to all services.
2023-02-01 01:36:32 | INFO  | WebShopApplication:38 - Loading user cart...
2023-02-01 01:36:34 | INFO  | WebShopApplication:53 - New transaction created with transaction id 45
2023-02-01 01:44:46 | INFO  | WebShopApplication:48 - New service with service id 20 added tp cart
2023-02-01 01:44:48 | INFO  | WebShopApplication:32 - Accessing to all services.
2023-02-01 01:44:48 | INFO  | WebShopApplication:32 - Accessing to all services.
2023-02-01 01:44:48 | INFO  | WebShopApplication:38 - Loading user cart...
2023-02-01 01:44:48 | INFO  | WebShopApplication:38 - Loading user cart...
2023-02-01 01:44:49 | INFO  | WebShopApplication:53 - New transaction created with transaction id 46
2023-02-01 01:56:08 | INFO  | WebShopApplication:13 - Hello from WebShopApplication! Welcome back!
2023-02-01 01:56:22 | INFO  | WebShopApplication:48 - New service with service id 20 added tp cart
2023-02-01 01:56:25 | INFO  | WebShopApplication:38 - Loading user cart...
2023-02-01 01:56:25 | INFO  | WebShopApplication:32 - Accessing to all services.
2023-02-01 01:56:25 | INFO  | WebShopApplication:32 - Accessing to all services.
2023-02-01 01:56:25 | INFO  | WebShopApplication:38 - Loading user cart...
2023-02-01 01:56:26 | INFO  | WebShopApplication:53 - New transaction created with transaction id 47
2023-02-01 01:59:27 | INFO  | WebShopApplication:48 - New service with service id 20 added tp cart
2023-02-01 01:59:30 | INFO  | WebShopApplication:32 - Accessing to all services.
2023-02-01 01:59:30 | INFO  | WebShopApplication:32 - Accessing to all services.
2023-02-01 01:59:30 | INFO  | WebShopApplication:38 - Loading user cart...
2023-02-01 01:59:30 | INFO  | WebShopApplication:38 - Loading user cart...
2023-02-01 01:59:31 | INFO  | WebShopApplication:53 - New transaction created with transaction id 48
2023-02-01 02:02:50 | INFO  | WebShopApplication:48 - New service with service id 20 added tp cart
2023-02-01 02:02:53 | INFO  | WebShopApplication:32 - Accessing to all services.
2023-02-01 02:02:53 | INFO  | WebShopApplication:32 - Accessing to all services.
2023-02-01 02:02:53 | INFO  | WebShopApplication:38 - Loading user cart...
2023-02-01 02:02:53 | INFO  | WebShopApplication:38 - Loading user cart...
2023-02-01 02:02:54 | INFO  | WebShopApplication:53 - New transaction created with transaction id 49
2023-02-01 02:11:17 | INFO  | WebShopApplication:48 - New service with service id 20 added tp cart
2023-02-01 02:11:19 | INFO  | WebShopApplication:38 - Loading user cart...
2023-02-01 02:11:19 | INFO  | WebShopApplication:32 - Accessing to all services.
2023-02-01 02:11:19 | INFO  | WebShopApplication:32 - Accessing to all services.
2023-02-01 02:11:19 | INFO  | WebShopApplication:38 - Loading user cart...
2023-02-01 02:11:20 | INFO  | WebShopApplication:53 - New transaction created with transaction id 50
2023-02-01 02:20:08 | INFO  | WebShopApplication:48 - New service with service id 20 added tp cart
2023-02-01 02:20:10 | INFO  | WebShopApplication:38 - Loading user cart...
2023-02-01 02:20:10 | INFO  | WebShopApplication:32 - Accessing to all services.
2023-02-01 02:20:10 | INFO  | WebShopApplication:32 - Accessing to all services.
2023-02-01 02:20:10 | INFO  | WebShopApplication:38 - Loading user cart...
2023-02-01 02:20:12 | INFO  | WebShopApplication:53 - New transaction created with transaction id 51
2023-02-01 02:26:41 | INFO  | WebShopApplication:48 - New service with service id 20 added tp cart
2023-02-01 02:26:43 | INFO  | WebShopApplication:32 - Accessing to all services.
2023-02-01 02:26:43 | INFO  | WebShopApplication:32 - Accessing to all services.
2023-02-01 02:26:43 | INFO  | WebShopApplication:38 - Loading user cart...
2023-02-01 02:26:43 | INFO  | WebShopApplication:38 - Loading user cart...
2023-02-01 02:26:44 | INFO  | WebShopApplication:53 - New transaction created with transaction id 52
2023-02-01 02:28:11 | INFO  | WebShopApplication:48 - New service with service id 20 added tp cart
2023-02-01 02:28:14 | INFO  | WebShopApplication:32 - Accessing to all services.
2023-02-01 02:28:14 | INFO  | WebShopApplication:32 - Accessing to all services.
2023-02-01 02:28:14 | INFO  | WebShopApplication:38 - Loading user cart...
2023-02-01 02:28:14 | INFO  | WebShopApplication:38 - Loading user cart...
2023-02-01 02:28:15 | INFO  | WebShopApplication:53 - New transaction created with transaction id 53
2023-02-01 02:46:05 | INFO  | WebShopApplication:38 - Loading user cart...
2023-02-01 02:46:05 | INFO  | WebShopApplication:32 - Accessing to all services.
2023-02-01 02:46:05 | INFO  | WebShopApplication:32 - Accessing to all services.
2023-02-01 02:46:05 | INFO  | WebShopApplication:38 - Loading user cart...
2023-02-01 02:46:16 | INFO  | WebShopApplication:32 - Accessing to all services.
2023-02-01 02:46:16 | INFO  | WebShopApplication:32 - Accessing to all services.
2023-02-01 02:46:16 | INFO  | WebShopApplication:38 - Loading user cart...
2023-02-01 02:46:16 | INFO  | WebShopApplication:38 - Loading user cart...
2023-02-01 02:54:12 | INFO  | WebShopApplication:32 - Accessing to all services.
2023-02-01 02:54:12 | INFO  | WebShopApplication:32 - Accessing to all services.
2023-02-01 02:54:12 | INFO  | WebShopApplication:38 - Loading user cart...
2023-02-01 02:54:12 | INFO  | WebShopApplication:38 - Loading user cart...
2023-02-01 02:55:14 | INFO  | WebShopApplication:32 - Accessing to all services.
2023-02-01 02:55:14 | INFO  | WebShopApplication:32 - Accessing to all services.
2023-02-01 02:55:14 | INFO  | WebShopApplication:38 - Loading user cart...
2023-02-01 02:55:14 | INFO  | WebShopApplication:38 - Loading user cart...
2023-02-01 02:58:32 | INFO  | WebShopApplication:38 - Loading user cart...
2023-02-01 02:58:32 | INFO  | WebShopApplication:32 - Accessing to all services.
2023-02-01 02:58:32 | INFO  | WebShopApplication:32 - Accessing to all services.
2023-02-01 02:58:32 | INFO  | WebShopApplication:38 - Loading user cart...
2023-02-01 02:59:30 | INFO  | WebShopApplication:38 - Loading user cart...
2023-02-01 02:59:30 | INFO  | WebShopApplication:32 - Accessing to all services.
2023-02-01 02:59:30 | INFO  | WebShopApplication:32 - Accessing to all services.
2023-02-01 02:59:30 | INFO  | WebShopApplication:38 - Loading user cart...
2023-02-01 03:01:53 | INFO  | WebShopApplication:38 - Loading user cart...
2023-02-01 03:01:53 | INFO  | WebShopApplication:32 - Accessing to all services.
2023-02-01 03:01:53 | INFO  | WebShopApplication:32 - Accessing to all services.
2023-02-01 03:01:53 | INFO  | WebShopApplication:38 - Loading user cart...
2023-02-01 04:04:34 | INFO  | WebShopApplication:38 - Loading user cart...
2023-02-01 04:04:34 | INFO  | WebShopApplication:32 - Accessing to all services.
2023-02-01 04:04:34 | INFO  | WebShopApplication:32 - Accessing to all services.
2023-02-01 04:04:34 | INFO  | WebShopApplication:38 - Loading user cart...
2023-02-01 04:05:22 | INFO  | WebShopApplication:32 - Accessing to all services.
2023-02-01 04:05:22 | INFO  | WebShopApplication:32 - Accessing to all services.
2023-02-01 04:05:22 | INFO  | WebShopApplication:38 - Loading user cart...
2023-02-01 04:05:22 | INFO  | WebShopApplication:38 - Loading user cart...
